<?xml version="1.0" encoding="UTF-8"?>
<testsuite name="TestSuite" time="8.219" tests="6" errors="0" skipped="0" failures="2">
  <properties>
    <property name="java.runtime.name" value="Java(TM) SE Runtime Environment"/>
    <property name="sun.boot.library.path" value="/Library/Java/JavaVirtualMachines/jdk1.8.0_65.jdk/Contents/Home/jre/lib"/>
    <property name="java.vm.version" value="25.65-b01"/>
    <property name="gopherProxySet" value="false"/>
    <property name="java.vm.vendor" value="Oracle Corporation"/>
    <property name="maven.multiModuleProjectDirectory" value="/Users/earlwillis/Documents/workspace2/SeleniumProject"/>
    <property name="java.vendor.url" value="http://java.oracle.com/"/>
    <property name="path.separator" value=":"/>
    <property name="guice.disable.misplaced.annotation.check" value="true"/>
    <property name="java.vm.name" value="Java HotSpot(TM) 64-Bit Server VM"/>
    <property name="file.encoding.pkg" value="sun.io"/>
    <property name="user.country" value="US"/>
    <property name="sun.java.launcher" value="SUN_STANDARD"/>
    <property name="sun.os.patch.level" value="unknown"/>
    <property name="java.vm.specification.name" value="Java Virtual Machine Specification"/>
    <property name="user.dir" value="/Users/earlwillis/Documents/workspace2/SeleniumProject"/>
    <property name="java.runtime.version" value="1.8.0_65-b17"/>
    <property name="java.awt.graphicsenv" value="sun.awt.CGraphicsEnvironment"/>
    <property name="basedir" value="/Users/earlwillis/Documents/workspace2/SeleniumProject"/>
    <property name="java.endorsed.dirs" value="/Library/Java/JavaVirtualMachines/jdk1.8.0_65.jdk/Contents/Home/jre/lib/endorsed"/>
    <property name="os.arch" value="x86_64"/>
    <property name="java.io.tmpdir" value="/var/folders/pd/9b4rnjds24qfn9vgctykl9dm0000gn/T/"/>
    <property name="line.separator" value="&#10;"/>
    <property name="java.vm.specification.vendor" value="Oracle Corporation"/>
    <property name="os.name" value="Mac OS X"/>
    <property name="classworlds.conf" value="/Users/earlwillis/Documents/workspace2/.metadata/.plugins/org.eclipse.m2e.launching/launches/m2conf4720563902991616380.tmp"/>
    <property name="sun.jnu.encoding" value="UTF-8"/>
    <property name="java.library.path" value="/Users/earlwillis/Library/Java/Extensions:/Library/Java/Extensions:/Network/Library/Java/Extensions:/System/Library/Java/Extensions:/usr/lib/java:."/>
    <property name="surefire.test.class.path" value="/Users/earlwillis/Documents/workspace2/SeleniumProject/target/test-classes:/Users/earlwillis/Documents/workspace2/SeleniumProject/target/classes:/Users/earlwillis/.m2/repository/org/testng/testng/6.1.1/testng-6.1.1.jar:/Users/earlwillis/.m2/repository/junit/junit/3.8.1/junit-3.8.1.jar:/Users/earlwillis/.m2/repository/org/beanshell/bsh/2.0b4/bsh-2.0b4.jar:/Users/earlwillis/.m2/repository/com/beust/jcommander/1.12/jcommander-1.12.jar:/Users/earlwillis/.m2/repository/org/yaml/snakeyaml/1.6/snakeyaml-1.6.jar:/Users/earlwillis/.m2/repository/org/seleniumhq/selenium/selenium-java/2.48.2/selenium-java-2.48.2.jar:/Users/earlwillis/.m2/repository/org/seleniumhq/selenium/selenium-chrome-driver/2.48.2/selenium-chrome-driver-2.48.2.jar:/Users/earlwillis/.m2/repository/org/seleniumhq/selenium/selenium-edge-driver/2.48.2/selenium-edge-driver-2.48.2.jar:/Users/earlwillis/.m2/repository/org/seleniumhq/selenium/selenium-htmlunit-driver/2.48.2/selenium-htmlunit-driver-2.48.2.jar:/Users/earlwillis/.m2/repository/net/sourceforge/htmlunit/htmlunit/2.18/htmlunit-2.18.jar:/Users/earlwillis/.m2/repository/xalan/xalan/2.7.2/xalan-2.7.2.jar:/Users/earlwillis/.m2/repository/xalan/serializer/2.7.2/serializer-2.7.2.jar:/Users/earlwillis/.m2/repository/commons-collections/commons-collections/3.2.1/commons-collections-3.2.1.jar:/Users/earlwillis/.m2/repository/org/apache/commons/commons-lang3/3.4/commons-lang3-3.4.jar:/Users/earlwillis/.m2/repository/org/apache/httpcomponents/httpmime/4.5/httpmime-4.5.jar:/Users/earlwillis/.m2/repository/net/sourceforge/htmlunit/htmlunit-core-js/2.17/htmlunit-core-js-2.17.jar:/Users/earlwillis/.m2/repository/xerces/xercesImpl/2.11.0/xercesImpl-2.11.0.jar:/Users/earlwillis/.m2/repository/xml-apis/xml-apis/1.4.01/xml-apis-1.4.01.jar:/Users/earlwillis/.m2/repository/net/sourceforge/nekohtml/nekohtml/1.9.22/nekohtml-1.9.22.jar:/Users/earlwillis/.m2/repository/net/sourceforge/cssparser/cssparser/0.9.16/cssparser-0.9.16.jar:/Users/earlwillis/.m2/repository/org/w3c/css/sac/1.3/sac-1.3.jar:/Users/earlwillis/.m2/repository/commons-logging/commons-logging/1.2/commons-logging-1.2.jar:/Users/earlwillis/.m2/repository/org/eclipse/jetty/websocket/websocket-client/9.2.12.v20150709/websocket-client-9.2.12.v20150709.jar:/Users/earlwillis/.m2/repository/org/eclipse/jetty/jetty-util/9.2.12.v20150709/jetty-util-9.2.12.v20150709.jar:/Users/earlwillis/.m2/repository/org/eclipse/jetty/jetty-io/9.2.12.v20150709/jetty-io-9.2.12.v20150709.jar:/Users/earlwillis/.m2/repository/org/eclipse/jetty/websocket/websocket-common/9.2.12.v20150709/websocket-common-9.2.12.v20150709.jar:/Users/earlwillis/.m2/repository/org/eclipse/jetty/websocket/websocket-api/9.2.12.v20150709/websocket-api-9.2.12.v20150709.jar:/Users/earlwillis/.m2/repository/org/apache/httpcomponents/httpclient/4.5.1/httpclient-4.5.1.jar:/Users/earlwillis/.m2/repository/org/apache/httpcomponents/httpcore/4.4.3/httpcore-4.4.3.jar:/Users/earlwillis/.m2/repository/org/seleniumhq/selenium/selenium-ie-driver/2.48.2/selenium-ie-driver-2.48.2.jar:/Users/earlwillis/.m2/repository/net/java/dev/jna/jna/4.1.0/jna-4.1.0.jar:/Users/earlwillis/.m2/repository/net/java/dev/jna/jna-platform/4.1.0/jna-platform-4.1.0.jar:/Users/earlwillis/.m2/repository/org/seleniumhq/selenium/selenium-safari-driver/2.48.2/selenium-safari-driver-2.48.2.jar:/Users/earlwillis/.m2/repository/org/seleniumhq/selenium/selenium-support/2.48.2/selenium-support-2.48.2.jar:/Users/earlwillis/.m2/repository/org/webbitserver/webbit/0.4.14/webbit-0.4.14.jar:/Users/earlwillis/.m2/repository/io/netty/netty/3.5.2.Final/netty-3.5.2.Final.jar:/Users/earlwillis/.m2/repository/org/seleniumhq/selenium/selenium-leg-rc/2.48.2/selenium-leg-rc-2.48.2.jar:/Users/earlwillis/.m2/repository/org/seleniumhq/selenium/selenium-firefox-driver/2.48.2/selenium-firefox-driver-2.48.2.jar:/Users/earlwillis/.m2/repository/org/seleniumhq/selenium/selenium-remote-driver/2.48.2/selenium-remote-driver-2.48.2.jar:/Users/earlwillis/.m2/repository/cglib/cglib-nodep/2.1_3/cglib-nodep-2.1_3.jar:/Users/earlwillis/.m2/repository/com/google/code/gson/gson/2.3.1/gson-2.3.1.jar:/Users/earlwillis/.m2/repository/org/seleniumhq/selenium/selenium-api/2.48.2/selenium-api-2.48.2.jar:/Users/earlwillis/.m2/repository/com/google/guava/guava/18.0/guava-18.0.jar:/Users/earlwillis/.m2/repository/commons-io/commons-io/2.4/commons-io-2.4.jar:/Users/earlwillis/.m2/repository/org/apache/commons/commons-exec/1.3/commons-exec-1.3.jar:/Users/earlwillis/.m2/repository/org/seleniumhq/selenium/selenium-server/2.48.2/selenium-server-2.48.2.jar:/Users/earlwillis/.m2/repository/org/bouncycastle/bcprov-jdk15on/1.48/bcprov-jdk15on-1.48.jar:/Users/earlwillis/.m2/repository/org/bouncycastle/bcpkix-jdk15on/1.48/bcpkix-jdk15on-1.48.jar:/Users/earlwillis/.m2/repository/mx4j/mx4j-tools/3.0.1/mx4j-tools-3.0.1.jar:/Users/earlwillis/.m2/repository/org/mortbay/jetty/servlet-api-2.5/6.1.9/servlet-api-2.5-6.1.9.jar:/Users/earlwillis/.m2/repository/org/seleniumhq/selenium/jetty-repacked/9.2.13.v20150730/jetty-repacked-9.2.13.v20150730.jar:/Users/earlwillis/.m2/repository/javax/servlet/javax.servlet-api/3.1.0/javax.servlet-api-3.1.0.jar:/Users/earlwillis/.m2/repository/org/seleniumhq/selenium/jetty-rc-repacked/5/jetty-rc-repacked-5.jar:/Users/earlwillis/.m2/repository/net/jcip/jcip-annotations/1.0/jcip-annotations-1.0.jar:/Users/earlwillis/.m2/repository/commons-codec/commons-codec/1.10/commons-codec-1.10.jar:/Users/earlwillis/.m2/repository/com/github/detro/phantomjsdriver/1.2.0/phantomjsdriver-1.2.0.jar:/Users/earlwillis/.m2/repository/org/apache/maven/surefire/surefire-testng-utils/2.18.1/surefire-testng-utils-2.18.1.jar:/Users/earlwillis/.m2/repository/org/apache/maven/surefire/surefire-grouper/2.18.1/surefire-grouper-2.18.1.jar:"/>
    <property name="java.specification.name" value="Java Platform API Specification"/>
    <property name="java.class.version" value="52.0"/>
    <property name="sun.management.compiler" value="HotSpot 64-Bit Tiered Compilers"/>
    <property name="os.version" value="10.10.2"/>
    <property name="http.nonProxyHosts" value="local|*.local|169.254/16|*.169.254/16"/>
    <property name="user.home" value="/Users/earlwillis"/>
    <property name="user.timezone" value="Atlantic/Stanley"/>
    <property name="java.awt.printerjob" value="sun.lwawt.macosx.CPrinterJob"/>
    <property name="java.specification.version" value="1.8"/>
    <property name="file.encoding" value="UTF-8"/>
    <property name="user.name" value="earlwillis"/>
    <property name="java.class.path" value="/Users/earlwillis/eclipse/java-mars/Eclipse.app/Contents/MacOS/../../../../../.p2/pool/plugins/org.eclipse.m2e.maven.runtime_1.6.2.20150902-0001/jars/plexus-classworlds-2.5.2.jar"/>
    <property name="java.vm.specification.version" value="1.8"/>
    <property name="sun.arch.data.model" value="64"/>
    <property name="java.home" value="/Library/Java/JavaVirtualMachines/jdk1.8.0_65.jdk/Contents/Home/jre"/>
    <property name="sun.java.command" value="org.codehaus.plexus.classworlds.launcher.Launcher -B test"/>
    <property name="java.specification.vendor" value="Oracle Corporation"/>
    <property name="user.language" value="en"/>
    <property name="awt.toolkit" value="sun.lwawt.macosx.LWCToolkit"/>
    <property name="java.vm.info" value="mixed mode"/>
    <property name="java.version" value="1.8.0_65"/>
    <property name="java.ext.dirs" value="/Users/earlwillis/Library/Java/Extensions:/Library/Java/JavaVirtualMachines/jdk1.8.0_65.jdk/Contents/Home/jre/lib/ext:/Library/Java/Extensions:/Network/Library/Java/Extensions:/System/Library/Java/Extensions:/usr/lib/java"/>
    <property name="sun.boot.class.path" value="/Library/Java/JavaVirtualMachines/jdk1.8.0_65.jdk/Contents/Home/jre/lib/resources.jar:/Library/Java/JavaVirtualMachines/jdk1.8.0_65.jdk/Contents/Home/jre/lib/rt.jar:/Library/Java/JavaVirtualMachines/jdk1.8.0_65.jdk/Contents/Home/jre/lib/sunrsasign.jar:/Library/Java/JavaVirtualMachines/jdk1.8.0_65.jdk/Contents/Home/jre/lib/jsse.jar:/Library/Java/JavaVirtualMachines/jdk1.8.0_65.jdk/Contents/Home/jre/lib/jce.jar:/Library/Java/JavaVirtualMachines/jdk1.8.0_65.jdk/Contents/Home/jre/lib/charsets.jar:/Library/Java/JavaVirtualMachines/jdk1.8.0_65.jdk/Contents/Home/jre/lib/jfr.jar:/Library/Java/JavaVirtualMachines/jdk1.8.0_65.jdk/Contents/Home/jre/classes"/>
    <property name="java.vendor" value="Oracle Corporation"/>
    <property name="maven.home" value="/Users/earlwillis/Documents/workspace2/SeleniumProject/EMBEDDED"/>
    <property name="localRepository" value="/Users/earlwillis/.m2/repository"/>
    <property name="file.separator" value="/"/>
    <property name="java.vendor.url.bug" value="http://bugreport.sun.com/bugreport/"/>
    <property name="sun.cpu.endian" value="little"/>
    <property name="sun.io.unicode.encoding" value="UnicodeBig"/>
    <property name="socksNonProxyHosts" value="local|*.local|169.254/16|*.169.254/16"/>
    <property name="ftp.nonProxyHosts" value="local|*.local|169.254/16|*.169.254/16"/>
    <property name="sun.cpu.isalist" value=""/>
  </properties>
  <testcase name="searchproducts" classname="LearningTestNG.SearchTerm" time="2.806"/>
  <testcase name="searchcontent" classname="LearningTestNG.SearchTerm" time="0.001"/>
  <testcase name="login" classname="LearningTestNG.TestNGAnotation_1" time="1.958"/>
  <testcase name="login" classname="LearningTestNG.TestNGAnotation_1" time="13.177"/>
  <testcase name="logout" classname="LearningTestNG.TestNGAnotation_1" time="3.454">
    <failure message="expected:&lt;Sign In&gt; but was:&lt;SIGN IN&gt;" type="java.lang.AssertionError"><![CDATA[java.lang.AssertionError: expected:<Sign In> but was:<SIGN IN>
	at org.testng.Assert.fail(Assert.java:89)
	at org.testng.Assert.failNotEquals(Assert.java:489)
	at org.testng.Assert.assertEquals(Assert.java:118)
	at org.testng.Assert.assertEquals(Assert.java:171)
	at org.testng.Assert.assertEquals(Assert.java:181)
	at LearningTestNG.TestNGAnotation_1.logout(TestNGAnotation_1.java:113)
]]></failure>
    <system-out><![CDATA[This is the after method
This is the beforeMethod-blanks
Logout - 3
Assers Sign-In Label after logging out
]]></system-out>
  </testcase>
  <testcase name="logout" classname="LearningTestNG.TestNGAnotation_1" time="4.438">
    <failure message="expected:&lt;Sign In&gt; but was:&lt;SIGN IN&gt;" type="java.lang.AssertionError"><![CDATA[java.lang.AssertionError: expected:<Sign In> but was:<SIGN IN>
	at org.testng.Assert.fail(Assert.java:89)
	at org.testng.Assert.failNotEquals(Assert.java:489)
	at org.testng.Assert.assertEquals(Assert.java:118)
	at org.testng.Assert.assertEquals(Assert.java:171)
	at org.testng.Assert.assertEquals(Assert.java:181)
	at LearningTestNG.TestNGAnotation_1.logout(TestNGAnotation_1.java:113)
]]></failure>
    <system-out><![CDATA[This is the after method
This is the beforeMethod-blanks
Logout - 3
Assers Sign-In Label after logging out
]]></system-out>
  </testcase>
</testsuite>