<?xml version="1.0" encoding="UTF-8"?>
<!-- Generated by org.testng.reporters.JUnitReportReporter -->
<testsuite hostname="Earls-MacBook-Pro.local" name="LearningTestNG.SearchTerm" tests="2" failures="0" timestamp="28 Oct 2015 15:23:58 GMT" time="6.311" errors="0">
  <testcase name="searchcontent" time="0.267" classname="LearningTestNG.SearchTerm"/>
  <testcase name="searchproducts" time="6.044" classname="LearningTestNG.SearchTerm"/>
</testsuite> <!-- LearningTestNG.SearchTerm -->
