<?xml version="1.0" encoding="UTF-8"?>
<!-- Generated by org.testng.reporters.JUnitReportReporter -->
<testsuite hostname="Earls-MacBook-Pro.local" name="LearningTestNG.SearchTerm" tests="2" failures="0" timestamp="30 Oct 2015 22:30:05 GMT" time="2.617" errors="0">
  <testcase name="searchcontent" time="0.001" classname="LearningTestNG.SearchTerm"/>
  <testcase name="searchproducts" time="2.616" classname="LearningTestNG.SearchTerm"/>
</testsuite> <!-- LearningTestNG.SearchTerm -->
