<?xml version="1.0" encoding="UTF-8"?>
<!-- Generated by org.testng.reporters.JUnitReportReporter -->
<testsuite hostname="Earls-MacBook-Pro.local" name="LearningTestNG.SearchTerm" tests="2" failures="0" timestamp="31 Oct 2015 13:37:43 GMT" time="2.806" errors="0">
  <testcase name="searchproducts" time="2.805" classname="LearningTestNG.SearchTerm"/>
  <testcase name="searchcontent" time="0.001" classname="LearningTestNG.SearchTerm"/>
</testsuite>
