<?xml version="1.0" encoding="UTF-8"?>
<!-- Generated by org.testng.reporters.JUnitReportReporter -->
<testsuite hostname="Earls-MacBook-Pro.local" name="LearningTestNG.TestNGAnotation_2" tests="1" failures="0" timestamp="30 Oct 2015 22:12:41 GMT" time="0.000" errors="0">
  <testcase name="test3" time="0.000" classname="LearningTestNG.TestNGAnotation_2"/>
</testsuite>
