<?xml version="1.0" encoding="UTF-8"?>
<!-- Generated by org.testng.reporters.JUnitReportReporter -->
<testsuite hostname="Earls-MacBook-Pro.local" name="LearningTestNG.SearchTerm" tests="2" failures="0" timestamp="28 Oct 2015 21:33:03 GMT" time="4.819" errors="0">
  <testcase name="searchproducts" time="4.819" classname="LearningTestNG.SearchTerm"/>
  <testcase name="searchcontent" time="0.000" classname="LearningTestNG.SearchTerm"/>
</testsuite>
